{
  "RSpec": {
    "coverage": {
      "/Users/poshboytl/play/api-versions/lib/api-versions.rb": [
        1,
        1,
        1,
        1,
        1,
        null,
        1,
        1,
        3,
        null,
        2,
        2,
        null,
        4,
        null,
        null,
        null,
        1
      ],
      "/Users/poshboytl/play/api-versions/lib/api-versions/version_check.rb": [
        1,
        1,
        1,
        1,
        null,
        null,
        1,
        4,
        null,
        null,
        1,
        31,
        31,
        70,
        70,
        null,
        null,
        null,
        1,
        null,
        1,
        70,
        null,
        null,
        1,
        31,
        null,
        null,
        1,
        17,
        null,
        null,
        null
      ],
      "/Users/poshboytl/play/api-versions/lib/api-versions/dsl.rb": [
        1,
        null,
        1,
        1,
        1,
        null,
        1,
        2,
        2,
        2,
        null,
        null,
        1,
        4,
        null,
        4,
        4,
        null,
        null,
        null,
        1,
        3,
        3,
        null,
        null,
        null,
        1,
        3,
        3,
        3,
        null,
        null,
        null
      ],
      "/Users/poshboytl/play/api-versions/lib/api-versions/middleware.rb": [
        1,
        1,
        1,
        5,
        null,
        null,
        1,
        25,
        25,
        21,
        0,
        null,
        2,
        null,
        null,
        4,
        null,
        null,
        24,
        24,
        24,
        34,
        34,
        34,
        23,
        23,
        null,
        null,
        null,
        24,
        24,
        null,
        null,
        null
      ],
      "/Users/poshboytl/play/api-versions/lib/api-versions/railtie.rb": [
        1,
        null,
        1,
        1,
        1,
        null,
        null
      ],
      "/Users/poshboytl/play/api-versions/lib/generators/api_versions/bump_generator.rb": [
        1,
        1,
        1,
        1,
        1,
        null,
        1,
        7,
        7,
        null,
        null,
        7,
        49,
        null,
        null,
        56,
        null,
        null,
        1,
        7,
        21,
        21,
        21,
        21,
        null,
        null,
        null,
        null,
        null
      ]
    },
    "timestamp": 1374149771
  }
}
