{
  "RSpec": {
    "coverage": {
      "/Users/poshboytl/play/api-versions/lib/api-versions.rb": [
        1,
        1,
        1,
        1,
        1,
        null,
        1,
        1,
        3,
        null,
        2,
        2,
        null,
        4,
        null,
        null,
        null,
        1
      ],
      "/Users/poshboytl/play/api-versions/lib/api-versions/version_check.rb": [
        1,
        1,
        1,
        1,
        null,
        null,
        1,
        4,
        null,
        null,
        1,
        41,
        41,
        118,
        118,
        null,
        null,
        null,
        1,
        null,
        1,
        118,
        null,
        null,
        1,
        29,
        null,
        null,
        1,
        15,
        null,
        null,
        null
      ],
      "/Users/poshboytl/play/api-versions/lib/api-versions/dsl.rb": [
        1,
        null,
        1,
        1,
        1,
        null,
        1,
        2,
        2,
        2,
        null,
        null,
        1,
        4,
        null,
        4,
        4,
        null,
        null,
        null,
        1,
        3,
        3,
        null,
        null,
        null,
        1,
        3,
        3,
        3,
        null,
        null,
        null
      ],
      "/Users/poshboytl/play/api-versions/lib/api-versions/middleware.rb": [
        1,
        1,
        1,
        5,
        null,
        null,
        1,
        25,
        null,
        24,
        24,
        24,
        32,
        32,
        32,
        21,
        21,
        null,
        null,
        null,
        24,
        24,
        2,
        null,
        null,
        24,
        24,
        null,
        null,
        null
      ],
      "/Users/poshboytl/play/api-versions/lib/api-versions/railtie.rb": [
        1,
        null,
        1,
        1,
        1,
        null,
        null
      ],
      "/Users/poshboytl/play/api-versions/lib/generators/api_versions/bump_generator.rb": [
        1,
        1,
        1,
        1,
        1,
        null,
        1,
        7,
        7,
        null,
        null,
        7,
        49,
        null,
        null,
        56,
        null,
        null,
        1,
        7,
        21,
        21,
        21,
        21,
        null,
        null,
        null,
        null,
        null
      ]
    },
    "timestamp": 1374147248
  }
}
